-- Configuring x64-windows
[1/1] "C:/Users/cherry/AppData/Local/vcpkg/downloads/tools/cmake-3.31.10-windows/cmake-3.31.10-windows-x86_64/bin/cmake.exe" -E chdir ".." "C:/Users/cherry/AppData/Local/vcpkg/downloads/tools/cmake-3.31.10-windows/cmake-3.31.10-windows-x86_64/bin/cmake.exe" "D:/vs2026/VC/vcpkg/scripts/detect_compiler" "-G" "Ninja" "-DCMAKE_BUILD_TYPE=Release" "-DCMAKE_INSTALL_PREFIX=D:/code/test/out/build/Clang 21.1.8 x86_64-pc-windows-msvc/vcpkg_installed/vcpkg/pkgs/detect_compiler_x64-windows" "-DVCPKG_COMPILER_CACHE_FILE=D:/code/test/out/build/Clang 21.1.8 x86_64-pc-windows-msvc/vcpkg_installed/vcpkg/compiler-file-hash-cache.json" "-DCMAKE_MAKE_PROGRAM=C:/Users/cherry/AppData/Local/vcpkg/downloads/tools/ninja/1.13.1-windows/ninja.exe" "-DBUILD_SHARED_LIBS=ON" "-DVCPKG_CHAINLOAD_TOOLCHAIN_FILE=D:/vs2026/VC/vcpkg/scripts/toolchains/windows.cmake" "-DVCPKG_TARGET_TRIPLET=x64-windows" "-DVCPKG_SET_CHARSET_FLAG=ON" "-DVCPKG_PLATFORM_TOOLSET=v145" "-DCMAKE_EXPORT_NO_PACKAGE_REGISTRY=ON" "-DCMAKE_FIND_PACKAGE_NO_PACKAGE_REGISTRY=ON" "-DCMAKE_FIND_PACKAGE_NO_SYSTEM_PACKAGE_REGISTRY=ON" "-DCMAKE_INSTALL_SYSTEM_RUNTIME_LIBS_SKIP=TRUE" "-DCMAKE_VERBOSE_MAKEFILE=ON" "-DVCPKG_APPLOCAL_DEPS=OFF" "-DCMAKE_TOOLCHAIN_FILE=D:/vs2026/VC/vcpkg/scripts/buildsystems/vcpkg.cmake" "-DCMAKE_ERROR_ON_ABSOLUTE_INSTALL_DESTINATION=ON" "-DVCPKG_CXX_FLAGS=" "-DVCPKG_CXX_FLAGS_RELEASE=" "-DVCPKG_CXX_FLAGS_DEBUG=" "-DVCPKG_C_FLAGS=" "-DVCPKG_C_FLAGS_RELEASE=" "-DVCPKG_C_FLAGS_DEBUG=" "-DVCPKG_CRT_LINKAGE=dynamic" "-DVCPKG_LINKER_FLAGS=" "-DVCPKG_LINKER_FLAGS_RELEASE=" "-DVCPKG_LINKER_FLAGS_DEBUG=" "-DVCPKG_TARGET_ARCHITECTURE=x64" "-DCMAKE_INSTALL_LIBDIR:STRING=lib" "-DCMAKE_INSTALL_BINDIR:STRING=bin" "-D_VCPKG_ROOT_DIR=D:/vs2026/VC/vcpkg" "-DZ_VCPKG_ROOT_DIR=D:/vs2026/VC/vcpkg" "-D_VCPKG_INSTALLED_DIR=D:/code/test/out/build/Clang 21.1.8 x86_64-pc-windows-msvc/vcpkg_installed" "-DVCPKG_MANIFEST_INSTALL=OFF"
-- The C compiler identification is MSVC 19.50.35724.0
-- The CXX compiler identification is MSVC 19.50.35724.0
#COMPILER_HASH#ddd3a1398a1f59b2e327f21b276e2ebbb765c426
#COMPILER_C_HASH#82651775b7e2582693ef40017450d1ddfefa35a9
#COMPILER_C_VERSION#19.50.35724.0
#COMPILER_C_ID#MSVC
#COMPILER_C_PATH#D:/vs2026/VC/Tools/MSVC/14.50.35717/bin/Hostx64/x64/cl.exe
#COMPILER_CXX_HASH#82651775b7e2582693ef40017450d1ddfefa35a9
#COMPILER_CXX_VERSION#19.50.35724.0
#COMPILER_CXX_ID#MSVC
#COMPILER_CXX_PATH#D:/vs2026/VC/Tools/MSVC/14.50.35717/bin/Hostx64/x64/cl.exe
-- Configuring done (1.8s)
-- Generating done (0.0s)
CMake Warning:
  Manually-specified variables were not used by the project:

    BUILD_SHARED_LIBS
    CMAKE_INSTALL_BINDIR
    CMAKE_INSTALL_LIBDIR
    _VCPKG_ROOT_DIR


-- Build files have been written to: D:/code/test/out/build/Clang 21.1.8 x86_64-pc-windows-msvc/vcpkg_installed/vcpkg/blds/detect_compiler/x64-windows-rel

