Change Dir: 'D:/code/test/out/build/Clang 21.1.8 x86_64-pc-windows-msvc/vcpkg_installed/vcpkg/blds/imgui/x64-windows-rel'

Run Build Command(s): C:/Users/cherry/AppData/Local/vcpkg/downloads/tools/ninja/1.13.1-windows/ninja.exe -v -v -j17 install
[1/8] D:\vs2026\VC\Tools\MSVC\14.50.35717\bin\Hostx64\x64\cl.exe   /TP  -I"D:\code\test\out\build\Clang 21.1.8 x86_64-pc-windows-msvc\vcpkg_installed\vcpkg\blds\imgui\src\v1.91.9-afb09617a6.clean" -I"D:\code\test\out\build\Clang 21.1.8 x86_64-pc-windows-msvc\vcpkg_installed\vcpkg\blds\imgui\src\v1.91.9-afb09617a6.clean\test-engine" /nologo /DWIN32 /D_WINDOWS /utf-8 /GR /EHsc /MP  /MD /O2 /Oi /Gy /DNDEBUG /Z7  -MD /showIncludes /FoCMakeFiles\imgui.dir\misc\cpp\imgui_stdlib.cpp.obj /FdCMakeFiles\imgui.dir\imgui.pdb /FS -c "D:\code\test\out\build\Clang 21.1.8 x86_64-pc-windows-msvc\vcpkg_installed\vcpkg\blds\imgui\src\v1.91.9-afb09617a6.clean\misc\cpp\imgui_stdlib.cpp"
[2/8] D:\vs2026\VC\Tools\MSVC\14.50.35717\bin\Hostx64\x64\cl.exe   /TP  -I"D:\code\test\out\build\Clang 21.1.8 x86_64-pc-windows-msvc\vcpkg_installed\vcpkg\blds\imgui\src\v1.91.9-afb09617a6.clean" -I"D:\code\test\out\build\Clang 21.1.8 x86_64-pc-windows-msvc\vcpkg_installed\vcpkg\blds\imgui\src\v1.91.9-afb09617a6.clean\test-engine" /nologo /DWIN32 /D_WINDOWS /utf-8 /GR /EHsc /MP  /MD /O2 /Oi /Gy /DNDEBUG /Z7  -MD /showIncludes /FoCMakeFiles\imgui.dir\imgui_tables.cpp.obj /FdCMakeFiles\imgui.dir\imgui.pdb /FS -c "D:\code\test\out\build\Clang 21.1.8 x86_64-pc-windows-msvc\vcpkg_installed\vcpkg\blds\imgui\src\v1.91.9-afb09617a6.clean\imgui_tables.cpp"
[3/8] D:\vs2026\VC\Tools\MSVC\14.50.35717\bin\Hostx64\x64\cl.exe   /TP  -I"D:\code\test\out\build\Clang 21.1.8 x86_64-pc-windows-msvc\vcpkg_installed\vcpkg\blds\imgui\src\v1.91.9-afb09617a6.clean" -I"D:\code\test\out\build\Clang 21.1.8 x86_64-pc-windows-msvc\vcpkg_installed\vcpkg\blds\imgui\src\v1.91.9-afb09617a6.clean\test-engine" /nologo /DWIN32 /D_WINDOWS /utf-8 /GR /EHsc /MP  /MD /O2 /Oi /Gy /DNDEBUG /Z7  -MD /showIncludes /FoCMakeFiles\imgui.dir\imgui_draw.cpp.obj /FdCMakeFiles\imgui.dir\imgui.pdb /FS -c "D:\code\test\out\build\Clang 21.1.8 x86_64-pc-windows-msvc\vcpkg_installed\vcpkg\blds\imgui\src\v1.91.9-afb09617a6.clean\imgui_draw.cpp"
[4/8] D:\vs2026\VC\Tools\MSVC\14.50.35717\bin\Hostx64\x64\cl.exe   /TP  -I"D:\code\test\out\build\Clang 21.1.8 x86_64-pc-windows-msvc\vcpkg_installed\vcpkg\blds\imgui\src\v1.91.9-afb09617a6.clean" -I"D:\code\test\out\build\Clang 21.1.8 x86_64-pc-windows-msvc\vcpkg_installed\vcpkg\blds\imgui\src\v1.91.9-afb09617a6.clean\test-engine" /nologo /DWIN32 /D_WINDOWS /utf-8 /GR /EHsc /MP  /MD /O2 /Oi /Gy /DNDEBUG /Z7  -MD /showIncludes /FoCMakeFiles\imgui.dir\imgui_demo.cpp.obj /FdCMakeFiles\imgui.dir\imgui.pdb /FS -c "D:\code\test\out\build\Clang 21.1.8 x86_64-pc-windows-msvc\vcpkg_installed\vcpkg\blds\imgui\src\v1.91.9-afb09617a6.clean\imgui_demo.cpp"
[5/8] D:\vs2026\VC\Tools\MSVC\14.50.35717\bin\Hostx64\x64\cl.exe   /TP  -I"D:\code\test\out\build\Clang 21.1.8 x86_64-pc-windows-msvc\vcpkg_installed\vcpkg\blds\imgui\src\v1.91.9-afb09617a6.clean" -I"D:\code\test\out\build\Clang 21.1.8 x86_64-pc-windows-msvc\vcpkg_installed\vcpkg\blds\imgui\src\v1.91.9-afb09617a6.clean\test-engine" /nologo /DWIN32 /D_WINDOWS /utf-8 /GR /EHsc /MP  /MD /O2 /Oi /Gy /DNDEBUG /Z7  -MD /showIncludes /FoCMakeFiles\imgui.dir\imgui_widgets.cpp.obj /FdCMakeFiles\imgui.dir\imgui.pdb /FS -c "D:\code\test\out\build\Clang 21.1.8 x86_64-pc-windows-msvc\vcpkg_installed\vcpkg\blds\imgui\src\v1.91.9-afb09617a6.clean\imgui_widgets.cpp"
[6/8] D:\vs2026\VC\Tools\MSVC\14.50.35717\bin\Hostx64\x64\cl.exe   /TP  -I"D:\code\test\out\build\Clang 21.1.8 x86_64-pc-windows-msvc\vcpkg_installed\vcpkg\blds\imgui\src\v1.91.9-afb09617a6.clean" -I"D:\code\test\out\build\Clang 21.1.8 x86_64-pc-windows-msvc\vcpkg_installed\vcpkg\blds\imgui\src\v1.91.9-afb09617a6.clean\test-engine" /nologo /DWIN32 /D_WINDOWS /utf-8 /GR /EHsc /MP  /MD /O2 /Oi /Gy /DNDEBUG /Z7  -MD /showIncludes /FoCMakeFiles\imgui.dir\imgui.cpp.obj /FdCMakeFiles\imgui.dir\imgui.pdb /FS -c "D:\code\test\out\build\Clang 21.1.8 x86_64-pc-windows-msvc\vcpkg_installed\vcpkg\blds\imgui\src\v1.91.9-afb09617a6.clean\imgui.cpp"
[7/8] C:\WINDOWS\system32\cmd.exe /C "cd . && D:\vs2026\VC\Tools\MSVC\14.50.35717\bin\Hostx64\x64\lib.exe  /machine:x64 /nologo /out:imgui.lib CMakeFiles\imgui.dir\imgui.cpp.obj CMakeFiles\imgui.dir\imgui_demo.cpp.obj CMakeFiles\imgui.dir\imgui_draw.cpp.obj CMakeFiles\imgui.dir\imgui_tables.cpp.obj CMakeFiles\imgui.dir\imgui_widgets.cpp.obj CMakeFiles\imgui.dir\misc\cpp\imgui_stdlib.cpp.obj && cd ."
[7/8] C:\WINDOWS\system32\cmd.exe /C "cd /D "D:\code\test\out\build\Clang 21.1.8 x86_64-pc-windows-msvc\vcpkg_installed\vcpkg\blds\imgui\x64-windows-rel" && C:\Users\cherry\AppData\Local\vcpkg\downloads\tools\cmake-3.31.10-windows\cmake-3.31.10-windows-x86_64\bin\cmake.exe -P cmake_install.cmake"
-- Install configuration: "Release"
-- Installing: D:/code/test/out/build/Clang 21.1.8 x86_64-pc-windows-msvc/vcpkg_installed/vcpkg/pkgs/imgui_x64-windows/lib/imgui.lib
-- Installing: D:/code/test/out/build/Clang 21.1.8 x86_64-pc-windows-msvc/vcpkg_installed/vcpkg/pkgs/imgui_x64-windows/include/imgui.h
-- Installing: D:/code/test/out/build/Clang 21.1.8 x86_64-pc-windows-msvc/vcpkg_installed/vcpkg/pkgs/imgui_x64-windows/include/imconfig.h
-- Installing: D:/code/test/out/build/Clang 21.1.8 x86_64-pc-windows-msvc/vcpkg_installed/vcpkg/pkgs/imgui_x64-windows/include/imgui_internal.h
-- Installing: D:/code/test/out/build/Clang 21.1.8 x86_64-pc-windows-msvc/vcpkg_installed/vcpkg/pkgs/imgui_x64-windows/include/imstb_textedit.h
-- Installing: D:/code/test/out/build/Clang 21.1.8 x86_64-pc-windows-msvc/vcpkg_installed/vcpkg/pkgs/imgui_x64-windows/include/imstb_rectpack.h
-- Installing: D:/code/test/out/build/Clang 21.1.8 x86_64-pc-windows-msvc/vcpkg_installed/vcpkg/pkgs/imgui_x64-windows/include/imstb_truetype.h
-- Installing: D:/code/test/out/build/Clang 21.1.8 x86_64-pc-windows-msvc/vcpkg_installed/vcpkg/pkgs/imgui_x64-windows/include/imgui_stdlib.h
-- Installing: D:/code/test/out/build/Clang 21.1.8 x86_64-pc-windows-msvc/vcpkg_installed/vcpkg/pkgs/imgui_x64-windows/share/imgui/imgui-config.cmake
-- Installing: D:/code/test/out/build/Clang 21.1.8 x86_64-pc-windows-msvc/vcpkg_installed/vcpkg/pkgs/imgui_x64-windows/share/imgui/imgui-targets.cmake
-- Installing: D:/code/test/out/build/Clang 21.1.8 x86_64-pc-windows-msvc/vcpkg_installed/vcpkg/pkgs/imgui_x64-windows/share/imgui/imgui-targets-release.cmake

